::1 - - [21/Feb/2026:11:52:54 +0000] "POST /user/login HTTP/1.1" 404 150 "-" "PostmanRuntime/7.51.1"
::1 - - [21/Feb/2026:11:54:12 +0000] "POST /api/user/login HTTP/1.1" 200 207 "-" "PostmanRuntime/7.51.1"
::1 - - [21/Feb/2026:11:55:24 +0000] "GET /user/profile HTTP/1.1" 404 151 "-" "PostmanRuntime/7.51.1"
::1 - - [21/Feb/2026:11:55:31 +0000] "GET /api/user/profile HTTP/1.1" 200 257 "-" "PostmanRuntime/7.51.1"
::1 - - [21/Feb/2026:11:55:52 +0000] "GET /api/wallet/checkAmount HTTP/1.1" 200 90 "-" "PostmanRuntime/7.51.1"
::1 - - [21/Feb/2026:11:56:13 +0000] "POST /api/gold/buy HTTP/1.1" 400 37 "-" "PostmanRuntime/7.51.1"
::1 - - [21/Feb/2026:12:08:42 +0000] "GET /api/assets/silver/price HTTP/1.1" 404 162 "-" "PostmanRuntime/7.51.1"
::1 - - [21/Feb/2026:12:37:11 +0000] "GET /api/assets/silver/price HTTP/1.1" 404 162 "-" "PostmanRuntime/7.51.1"
::1 - - [21/Feb/2026:12:38:43 +0000] "GET /api/gold/buy HTTP/1.1" 404 151 "-" "PostmanRuntime/7.51.1"
::1 - - [21/Feb/2026:12:39:04 +0000] "POST /api/gold/buy HTTP/1.1" 400 37 "-" "PostmanRuntime/7.51.1"
::1 - - [21/Feb/2026:12:42:08 +0000] "GET /api/prices HTTP/1.1" 500 1419 "-" "PostmanRuntime/7.51.1"
::1 - - [21/Feb/2026:12:42:28 +0000] "GET /api/prices HTTP/1.1" 500 1419 "-" "PostmanRuntime/7.51.1"
::1 - - [21/Feb/2026:12:43:30 +0000] "GET /api/prices HTTP/1.1" 200 27 "-" "PostmanRuntime/7.51.1"
::1 - - [21/Feb/2026:12:44:17 +0000] "POST /api/gold/buy HTTP/1.1" 400 37 "-" "PostmanRuntime/7.51.1"
::1 - - [21/Feb/2026:12:47:26 +0000] "GET /api/prices HTTP/1.1" 200 27 "-" "PostmanRuntime/7.51.1"
::1 - - [21/Feb/2026:12:47:56 +0000] "POST /api/gold/buy HTTP/1.1" 200 97 "-" "PostmanRuntime/7.51.1"
::1 - - [21/Feb/2026:12:48:42 +0000] "POST /api/silver/buy HTTP/1.1" 200 99 "-" "PostmanRuntime/7.51.1"
::1 - - [21/Feb/2026:12:48:49 +0000] "GET /api/user/profile HTTP/1.1" 200 257 "-" "PostmanRuntime/7.51.1"
::1 - - [21/Feb/2026:12:51:40 +0000] "GET /api/transaction/history HTTP/1.1" 200 36 "-" "PostmanRuntime/7.51.1"
::1 - - [21/Feb/2026:13:00:31 +0000] "GET /api/transaction/history HTTP/1.1" 200 36 "-" "PostmanRuntime/7.51.1"
::1 - - [21/Feb/2026:13:01:32 +0000] "GET /api/transaction/history HTTP/1.1" 200 36 "-" "PostmanRuntime/7.51.1"
::1 - - [21/Feb/2026:13:02:57 +0000] "GET /api/transaction/history HTTP/1.1" 200 541 "-" "PostmanRuntime/7.51.1"
::1 - - [21/Feb/2026:13:05:23 +0000] "GET /api/wallet/checkAmount HTTP/1.1" 200 90 "-" "PostmanRuntime/7.51.1"
::1 - - [21/Feb/2026:13:16:24 +0000] "GET /api/Portfolio HTTP/1.1" 200 340 "-" "PostmanRuntime/7.51.1"
::1 - - [21/Feb/2026:13:58:38 +0000] "POST /api/user/login HTTP/1.1" 200 207 "-" "PostmanRuntime/7.51.1"
::1 - - [21/Feb/2026:13:59:01 +0000] "POST /api/user/login HTTP/1.1" 400 28 "-" "PostmanRuntime/7.51.1"
::1 - - [21/Feb/2026:13:59:06 +0000] "POST /api/user/login HTTP/1.1" 400 28 "-" "PostmanRuntime/7.51.1"
::1 - - [21/Feb/2026:13:59:46 +0000] "POST /user/register HTTP/1.1" 404 153 "-" "PostmanRuntime/7.51.1"
::1 - - [21/Feb/2026:13:59:53 +0000] "POST /api/user/register HTTP/1.1" 400 112 "-" "PostmanRuntime/7.51.1"
::1 - - [21/Feb/2026:14:00:02 +0000] "POST /api/user/register HTTP/1.1" 201 252 "-" "PostmanRuntime/7.51.1"
::1 - - [21/Feb/2026:14:00:26 +0000] "POST /api/user/login HTTP/1.1" 200 208 "-" "PostmanRuntime/7.51.1"
::1 - - [21/Feb/2026:14:01:00 +0000] "POST /api/user/register HTTP/1.1" 201 253 "-" "PostmanRuntime/7.51.1"
::1 - - [21/Feb/2026:14:01:37 +0000] "POST /api/user/register HTTP/1.1" 201 253 "-" "PostmanRuntime/7.51.1"
::1 - - [21/Feb/2026:14:01:44 +0000] "POST /api/user/login HTTP/1.1" 200 207 "-" "PostmanRuntime/7.51.1"
::1 - - [21/Feb/2026:14:02:14 +0000] "POST /api/wallet/addAmount HTTP/1.1" 200 55 "-" "PostmanRuntime/7.51.1"
::1 - - [21/Feb/2026:14:02:25 +0000] "GET /api/wallet/checkAmount HTTP/1.1" 200 91 "-" "PostmanRuntime/7.51.1"
::1 - - [21/Feb/2026:14:02:46 +0000] "POST /api/silver/buy HTTP/1.1" 200 100 "-" "PostmanRuntime/7.51.1"
::1 - - [21/Feb/2026:14:02:57 +0000] "GET /api/user/profile HTTP/1.1" 200 258 "-" "PostmanRuntime/7.51.1"
::1 - - [21/Feb/2026:14:03:11 +0000] "GET /api/prices HTTP/1.1" 200 27 "-" "PostmanRuntime/7.51.1"
::1 - - [21/Feb/2026:14:03:23 +0000] "GET /api/transaction/history HTTP/1.1" 200 289 "-" "PostmanRuntime/7.51.1"
::1 - - [21/Feb/2026:14:03:44 +0000] "GET /api/Portfolio HTTP/1.1" 200 333 "-" "PostmanRuntime/7.51.1"
::1 - - [21/Feb/2026:14:04:20 +0000] "POST /api/gold/buy HTTP/1.1" 200 98 "-" "PostmanRuntime/7.51.1"
::1 - - [21/Feb/2026:14:05:55 +0000] "POST /api/user/login HTTP/1.1" 200 208 "-" "PostmanRuntime/7.51.1"
::1 - - [21/Feb/2026:14:06:31 +0000] "GET /api/admin/stats HTTP/1.1" 200 1712 "-" "PostmanRuntime/7.51.1"
::1 - - [21/Feb/2026:14:09:14 +0000] "GET /api/admin/users?Authorization=%20Bearer%20eyJhbGciOiJIUzI1NiIsInR5cCI6IkpXVCJ9.eyJ1c2VySWQiOiI2OTk5YmE2MjU3MmE3NzZhMzYyNzhkNmIiLCJyb2xlIjoiYWRtaW4iLCJpYXQiOjE3NzE2ODI3NTUsImV4cCI6MTc3MTg1NTU1NX0.3qknV0Gu7h1RfAPc5rl6irHpbrPNNGQadGEmm8B8GyQ HTTP/1.1" 401 31 "-" "PostmanRuntime/7.51.1"
::1 - - [21/Feb/2026:14:09:59 +0000] "GET /api/admin/users HTTP/1.1" 200 787 "-" "PostmanRuntime/7.51.1"
::1 - - [21/Feb/2026:14:13:21 +0000] "PATCH /api/admin/users/6999ba9b572a776a36278d70/kyc HTTP/1.1" 200 294 "-" "PostmanRuntime/7.51.1"
::1 - - [21/Feb/2026:14:14:12 +0000] "PATCH /api/admin/users/6999ba9b572a776a36278d70/role HTTP/1.1" 401 31 "-" "PostmanRuntime/7.51.1"
::1 - - [21/Feb/2026:14:14:43 +0000] "PATCH /api/admin/users/6999ba9b572a776a36278d70/role HTTP/1.1" 200 294 "-" "PostmanRuntime/7.51.1"
::1 - - [21/Feb/2026:14:16:58 +0000] "GET /api/admin/transactions HTTP/1.1" 200 1563 "-" "PostmanRuntime/7.51.1"
::1 - - [21/Feb/2026:14:19:22 +0000] "POST /api/admin/prices/silver HTTP/1.1" 200 105 "-" "PostmanRuntime/7.51.1"
::1 - - [21/Feb/2026:14:19:51 +0000] "GET /api/prices HTTP/1.1" 200 27 "-" "PostmanRuntime/7.51.1"
::1 - - [24/Feb/2026:17:24:27 +0000] "POST /api/gold/buy HTTP/1.1" 401 27 "-" "PostmanRuntime/7.51.1"
::1 - - [24/Feb/2026:17:24:41 +0000] "POST /api/user/login HTTP/1.1" 200 207 "-" "PostmanRuntime/7.51.1"
::1 - - [24/Feb/2026:17:25:01 +0000] "POST /api/gold/buy HTTP/1.1" 401 27 "-" "PostmanRuntime/7.51.1"
::1 - - [24/Feb/2026:17:25:10 +0000] "POST /api/gold/buy HTTP/1.1" 200 99 "-" "PostmanRuntime/7.51.1"
